Successfully retrieved statistics for job: 132040. 
+------------------------------------------------------------------------------+
| GPU ID: 0                                                                    |
+====================================+=========================================+
|-----  Execution Stats  ------------+-----------------------------------------|
| Start Time                         | Sat Nov  8 23:34:37 2025                |
| End Time                           | Mon Nov 10 01:31:18 2025                |
| Total Execution Time (sec)         | 93401.1                                 |
| No. of Processes                   | 1                                       |
+-----  Performance Stats  ----------+-----------------------------------------+
| Energy Consumed (Joules)           | 750270                                  |
| Power Usage (Watts)                | Avg: 181.007, Max: 241.245, Min: 89.026 |
| Max GPU Memory Used (bytes)        | 1224736768                              |
| SM Clock (MHz)                     | Avg: 1596, Max: 1597, Min: 1590         |
| Memory Clock (MHz)                 | Avg: 1107, Max: 1107, Min: 1107         |
| SM Utilization (%)                 | Avg: 76, Max: 84, Min: 74               |
| Memory Utilization (%)             | Avg: 26, Max: 31, Min: 16               |
| PCIe Rx Bandwidth (megabytes)      | Avg: N/A, Max: N/A, Min: N/A            |
| PCIe Tx Bandwidth (megabytes)      | Avg: N/A, Max: N/A, Min: N/A            |
+-----  Event Stats  ----------------+-----------------------------------------+
| Single Bit ECC Errors              | 0                                       |
| Double Bit ECC Errors              | 0                                       |
| PCIe Replay Warnings               | 0                                       |
| Critical XID Errors                | 0                                       |
+-----  Slowdown Stats  -------------+-----------------------------------------+
| Due to - Power (%)                 | 0                                       |
|        - Thermal (%)               | 0                                       |
|        - Reliability (%)           | Not Supported                           |
|        - Board Limit (%)           | Not Supported                           |
|        - Low Utilization (%)       | Not Supported                           |
|        - Sync Boost (%)            | 0                                       |
+--  Compute Process Utilization  ---+-----------------------------------------+
| PID                                | 3725542                                 |
|     Avg SM Utilization (%)         | 76                                      |
|     Avg Memory Utilization (%)     | 28                                      |
+-----  Overall Health  -------------+-----------------------------------------+
| Overall Health                     | Healthy                                 |
+------------------------------------+-----------------------------------------+

